# JRE version: Java(TM) SE Runtime Environment (8.0_101-b13) (build 1.8.0_101-b13)
# Java VM: Java HotSpot(TM) 64-Bit Server VM (25.101-b13 mixed mode linux-amd64 compressed oops)
Heap:
 PSYoungGen      total 202752K, used 7111K [0x00000000ebf00000, 0x00000000f9600000, 0x0000000100000000)
  eden space 185344K, 0% used [0x00000000ebf00000,0x00000000ebf00000,0x00000000f7400000)
  from space 17408K, 40% used [0x00000000f7400000,0x00000000f7af1dd0,0x00000000f8500000)
  to   space 12288K, 0% used [0x00000000f8980000,0x00000000f8980000,0x00000000f9580000)
 ParOldGen       total 61952K, used 61644K [0x00000000c3c00000, 0x00000000c7880000, 0x00000000ebf00000)
  object space 61952K, 99% used [0x00000000c3c00000,0x00000000c7833028,0x00000000c7880000)
 Metaspace       used 36026K, capacity 36978K, committed 37208K, reserved 1081344K
  class space    used 4356K, capacity 4667K, committed 4736K, reserved 1048576K
GC Heap History (10 events):
Event: 14,515 GC heap after
Heap after GC invocations=10 (full 1):
 PSYoungGen      total 91136K, used 1049K [0x00000000ebf00000, 0x00000000f4a80000, 0x0000000100000000)
  eden space 84480K, 0% used [0x00000000ebf00000,0x00000000ebf00000,0x00000000f1180000)
  from space 6656K, 15% used [0x00000000f1180000,0x00000000f12864f0,0x00000000f1800000)
  to   space 6144K, 0% used [0x00000000f4480000,0x00000000f4480000,0x00000000f4a80000)
 ParOldGen       total 33792K, used 8087K [0x00000000c3c00000, 0x00000000c5d00000, 0x00000000ebf00000)
  object space 33792K, 23% used [0x00000000c3c00000,0x00000000c43e5e68,0x00000000c5d00000)
 Metaspace       used 22029K, capacity 22330K, committed 22656K, reserved 1069056K
  class space    used 2562K, capacity 2665K, committed 2688K, reserved 1048576K
}
Event: 20,777 GC heap before
{Heap before GC invocations=11 (full 1):
 PSYoungGen      total 91136K, used 85529K [0x00000000ebf00000, 0x00000000f4a80000, 0x0000000100000000)
  eden space 84480K, 100% used [0x00000000ebf00000,0x00000000f1180000,0x00000000f1180000)
  from space 6656K, 15% used [0x00000000f1180000,0x00000000f12864f0,0x00000000f1800000)
  to   space 6144K, 0% used [0x00000000f4480000,0x00000000f4480000,0x00000000f4a80000)
 ParOldGen       total 33792K, used 8087K [0x00000000c3c00000, 0x00000000c5d00000, 0x00000000ebf00000)
  object space 33792K, 23% used [0x00000000c3c00000,0x00000000c43e5e68,0x00000000c5d00000)
 Metaspace       used 22898K, capacity 23246K, committed 23552K, reserved 1071104K
  class space    used 2637K, capacity 2733K, committed 2816K, reserved 1048576K
Event: 20,804 GC heap after
Heap after GC invocations=11 (full 1):
 PSYoungGen      total 133632K, used 987K [0x00000000ebf00000, 0x00000000f4900000, 0x0000000100000000)
  eden space 129024K, 0% used [0x00000000ebf00000,0x00000000ebf00000,0x00000000f3d00000)
  from space 4608K, 21% used [0x00000000f4480000,0x00000000f4576c90,0x00000000f4900000)
  to   space 6144K, 0% used [0x00000000f3d00000,0x00000000f3d00000,0x00000000f4300000)
 ParOldGen       total 33792K, used 8843K [0x00000000c3c00000, 0x00000000c5d00000, 0x00000000ebf00000)
  object space 33792K, 26% used [0x00000000c3c00000,0x00000000c44a2fd0,0x00000000c5d00000)
 Metaspace       used 22898K, capacity 23246K, committed 23552K, reserved 1071104K
  class space    used 2637K, capacity 2733K, committed 2816K, reserved 1048576K
}
Event: 32,498 GC heap before
{Heap before GC invocations=12 (full 1):
 PSYoungGen      total 133632K, used 127705K [0x00000000ebf00000, 0x00000000f4900000, 0x0000000100000000)
  eden space 129024K, 98% used [0x00000000ebf00000,0x00000000f3abf7d0,0x00000000f3d00000)
  from space 4608K, 21% used [0x00000000f4480000,0x00000000f4576c90,0x00000000f4900000)
  to   space 6144K, 0% used [0x00000000f3d00000,0x00000000f3d00000,0x00000000f4300000)
 ParOldGen       total 33792K, used 8843K [0x00000000c3c00000, 0x00000000c5d00000, 0x00000000ebf00000)
  object space 33792K, 26% used [0x00000000c3c00000,0x00000000c44a2fd0,0x00000000c5d00000)
 Metaspace       used 34456K, capacity 35242K, committed 35416K, reserved 1081344K
  class space    used 4200K, capacity 4469K, committed 4480K, reserved 1048576K
Event: 32,599 GC heap after
Heap after GC invocations=12 (full 1):
 PSYoungGen      total 135168K, used 6120K [0x00000000ebf00000, 0x00000000f9580000, 0x0000000100000000)
  eden space 129024K, 0% used [0x00000000ebf00000,0x00000000ebf00000,0x00000000f3d00000)
  from space 6144K, 99% used [0x00000000f3d00000,0x00000000f42fa0d8,0x00000000f4300000)
  to   space 12288K, 0% used [0x00000000f8980000,0x00000000f8980000,0x00000000f9580000)
 ParOldGen       total 33792K, used 23304K [0x00000000c3c00000, 0x00000000c5d00000, 0x00000000ebf00000)
  object space 33792K, 68% used [0x00000000c3c00000,0x00000000c52c22f8,0x00000000c5d00000)
 Metaspace       used 34456K, capacity 35242K, committed 35416K, reserved 1081344K
  class space    used 4200K, capacity 4469K, committed 4480K, reserved 1048576K
}
Event: 32,599 GC heap before
{Heap before GC invocations=13 (full 2):
 PSYoungGen      total 135168K, used 6120K [0x00000000ebf00000, 0x00000000f9580000, 0x0000000100000000)
  eden space 129024K, 0% used [0x00000000ebf00000,0x00000000ebf00000,0x00000000f3d00000)
  from space 6144K, 99% used [0x00000000f3d00000,0x00000000f42fa0d8,0x00000000f4300000)
  to   space 12288K, 0% used [0x00000000f8980000,0x00000000f8980000,0x00000000f9580000)
 ParOldGen       total 33792K, used 23304K [0x00000000c3c00000, 0x00000000c5d00000, 0x00000000ebf00000)
  object space 33792K, 68% used [0x00000000c3c00000,0x00000000c52c22f8,0x00000000c5d00000)
 Metaspace       used 34456K, capacity 35242K, committed 35416K, reserved 1081344K
  class space    used 4200K, capacity 4469K, committed 4480K, reserved 1048576K
Event: 33,239 GC heap after
Heap after GC invocations=13 (full 2):
 PSYoungGen      total 135168K, used 0K [0x00000000ebf00000, 0x00000000f9580000, 0x0000000100000000)
  eden space 129024K, 0% used [0x00000000ebf00000,0x00000000ebf00000,0x00000000f3d00000)
  from space 6144K, 0% used [0x00000000f3d00000,0x00000000f3d00000,0x00000000f4300000)
  to   space 12288K, 0% used [0x00000000f8980000,0x00000000f8980000,0x00000000f9580000)
 ParOldGen       total 61952K, used 26210K [0x00000000c3c00000, 0x00000000c7880000, 0x00000000ebf00000)
  object space 61952K, 42% used [0x00000000c3c00000,0x00000000c55988f0,0x00000000c7880000)
 Metaspace       used 34456K, capacity 35242K, committed 35416K, reserved 1081344K
  class space    used 4200K, capacity 4469K, committed 4480K, reserved 1048576K
}
Event: 38,424 GC heap before
{Heap before GC invocations=14 (full 2):
 PSYoungGen      total 135168K, used 129024K [0x00000000ebf00000, 0x00000000f9580000, 0x0000000100000000)
  eden space 129024K, 100% used [0x00000000ebf00000,0x00000000f3d00000,0x00000000f3d00000)
  from space 6144K, 0% used [0x00000000f3d00000,0x00000000f3d00000,0x00000000f4300000)
  to   space 12288K, 0% used [0x00000000f8980000,0x00000000f8980000,0x00000000f9580000)
 ParOldGen       total 61952K, used 26210K [0x00000000c3c00000, 0x00000000c7880000, 0x00000000ebf00000)
  object space 61952K, 42% used [0x00000000c3c00000,0x00000000c55988f0,0x00000000c7880000)
 Metaspace       used 35652K, capacity 36550K, committed 36952K, reserved 1081344K
  class space    used 4339K, capacity 4633K, committed 4736K, reserved 1048576K
Event: 38,561 GC heap after
Heap after GC invocations=14 (full 2):
 PSYoungGen      total 197632K, used 12283K [0x00000000ebf00000, 0x00000000f9600000, 0x0000000100000000)
  eden space 185344K, 0% used [0x00000000ebf00000,0x00000000ebf00000,0x00000000f7400000)
  from space 12288K, 99% used [0x00000000f8980000,0x00000000f957efc0,0x00000000f9580000)
  to   space 17408K, 0% used [0x00000000f7400000,0x00000000f7400000,0x00000000f8500000)
 ParOldGen       total 61952K, used 33129K [0x00000000c3c00000, 0x00000000c7880000, 0x00000000ebf00000)
  object space 61952K, 53% used [0x00000000c3c00000,0x00000000c5c5a6c0,0x00000000c7880000)
 Metaspace       used 35652K, capacity 36550K, committed 36952K, reserved 1081344K
  class space    used 4339K, capacity 4633K, committed 4736K, reserved 1048576K
}
Event: 43,317 GC heap before
{Heap before GC invocations=15 (full 2):
 PSYoungGen      total 197632K, used 197627K [0x00000000ebf00000, 0x00000000f9600000, 0x0000000100000000)
  eden space 185344K, 100% used [0x00000000ebf00000,0x00000000f7400000,0x00000000f7400000)
  from space 12288K, 99% used [0x00000000f8980000,0x00000000f957efc0,0x00000000f9580000)
  to   space 17408K, 0% used [0x00000000f7400000,0x00000000f7400000,0x00000000f8500000)
 ParOldGen       total 61952K, used 33129K [0x00000000c3c00000, 0x00000000c7880000, 0x00000000ebf00000)
  object space 61952K, 53% used [0x00000000c3c00000,0x00000000c5c5a6c0,0x00000000c7880000)
 Metaspace       used 36026K, capacity 36978K, committed 37208K, reserved 1081344K
  class space    used 4356K, capacity 4667K, committed 4736K, reserved 1048576K

