# JRE version: Java(TM) SE Runtime Environment (8.0_101-b13) (build 1.8.0_101-b13)
# Java VM: Java HotSpot(TM) 64-Bit Server VM (25.101-b13 mixed mode linux-amd64 compressed oops)
Heap:
 PSYoungGen      total 219136K, used 0K [0x00000000ebf00000, 0x0000000100000000, 0x0000000100000000)
  eden space 109568K, 0% used [0x00000000ebf00000,0x00000000ebf00000,0x00000000f2a00000)
  from space 109568K, 0% used [0x00000000f9500000,0x00000000f9500000,0x0000000100000000)
  to   space 109568K, 0% used [0x00000000f2a00000,0x00000000f2a00000,0x00000000f9500000)
 ParOldGen       total 520192K, used 413321K [0x00000000c3c00000, 0x00000000e3800000, 0x00000000ebf00000)
  object space 520192K, 79% used [0x00000000c3c00000,0x00000000dcfa27a8,0x00000000e3800000)
 Metaspace       used 46926K, capacity 48286K, committed 48344K, reserved 1091584K
  class space    used 5996K, capacity 6400K, committed 6400K, reserved 1048576K
GC Heap History (10 events):
Event: 48,259 GC heap after
Heap after GC invocations=49 (full 12):
 PSYoungGen      total 185344K, used 0K [0x00000000ebf00000, 0x0000000100000000, 0x0000000100000000)
  eden space 109568K, 0% used [0x00000000ebf00000,0x00000000ebf00000,0x00000000f2a00000)
  from space 75776K, 0% used [0x00000000fb580000,0x00000000fb580000,0x00000000fff80000)
  to   space 109568K, 0% used [0x00000000f2a00000,0x00000000f2a00000,0x00000000f9500000)
 ParOldGen       total 520192K, used 329659K [0x00000000c3c00000, 0x00000000e3800000, 0x00000000ebf00000)
  object space 520192K, 63% used [0x00000000c3c00000,0x00000000d7deeec8,0x00000000e3800000)
 Metaspace       used 36730K, capacity 37642K, committed 37720K, reserved 1083392K
  class space    used 4381K, capacity 4671K, committed 4736K, reserved 1048576K
}
Event: 94,116 GC heap before
{Heap before GC invocations=50 (full 12):
 PSYoungGen      total 185344K, used 109568K [0x00000000ebf00000, 0x0000000100000000, 0x0000000100000000)
  eden space 109568K, 100% used [0x00000000ebf00000,0x00000000f2a00000,0x00000000f2a00000)
  from space 75776K, 0% used [0x00000000fb580000,0x00000000fb580000,0x00000000fff80000)
  to   space 109568K, 0% used [0x00000000f2a00000,0x00000000f2a00000,0x00000000f9500000)
 ParOldGen       total 520192K, used 329659K [0x00000000c3c00000, 0x00000000e3800000, 0x00000000ebf00000)
  object space 520192K, 63% used [0x00000000c3c00000,0x00000000d7deeec8,0x00000000e3800000)
 Metaspace       used 41577K, capacity 42578K, committed 42712K, reserved 1087488K
  class space    used 5016K, capacity 5368K, committed 5376K, reserved 1048576K
Event: 94,534 GC heap after
Heap after GC invocations=50 (full 12):
 PSYoungGen      total 219136K, used 75859K [0x00000000ebf00000, 0x0000000100000000, 0x0000000100000000)
  eden space 109568K, 0% used [0x00000000ebf00000,0x00000000ebf00000,0x00000000f2a00000)
  from space 109568K, 69% used [0x00000000f2a00000,0x00000000f7414f50,0x00000000f9500000)
  to   space 109568K, 0% used [0x00000000f9500000,0x00000000f9500000,0x0000000100000000)
 ParOldGen       total 520192K, used 329667K [0x00000000c3c00000, 0x00000000e3800000, 0x00000000ebf00000)
  object space 520192K, 63% used [0x00000000c3c00000,0x00000000d7df0ec8,0x00000000e3800000)
 Metaspace       used 41577K, capacity 42578K, committed 42712K, reserved 1087488K
  class space    used 5016K, capacity 5368K, committed 5376K, reserved 1048576K
}
Event: 96,234 GC heap before
{Heap before GC invocations=51 (full 12):
 PSYoungGen      total 219136K, used 185427K [0x00000000ebf00000, 0x0000000100000000, 0x0000000100000000)
  eden space 109568K, 100% used [0x00000000ebf00000,0x00000000f2a00000,0x00000000f2a00000)
  from space 109568K, 69% used [0x00000000f2a00000,0x00000000f7414f50,0x00000000f9500000)
  to   space 109568K, 0% used [0x00000000f9500000,0x00000000f9500000,0x0000000100000000)
 ParOldGen       total 520192K, used 329667K [0x00000000c3c00000, 0x00000000e3800000, 0x00000000ebf00000)
  object space 520192K, 63% used [0x00000000c3c00000,0x00000000d7df0ec8,0x00000000e3800000)
 Metaspace       used 41610K, capacity 42706K, committed 42968K, reserved 1087488K
  class space    used 5017K, capacity 5368K, committed 5376K, reserved 1048576K
Event: 97,305 GC heap after
Heap after GC invocations=51 (full 12):
 PSYoungGen      total 219136K, used 19936K [0x00000000ebf00000, 0x0000000100000000, 0x0000000100000000)
  eden space 109568K, 0% used [0x00000000ebf00000,0x00000000ebf00000,0x00000000f2a00000)
  from space 109568K, 18% used [0x00000000f9500000,0x00000000fa878020,0x0000000100000000)
  to   space 109568K, 0% used [0x00000000f2a00000,0x00000000f2a00000,0x00000000f9500000)
 ParOldGen       total 520192K, used 397666K [0x00000000c3c00000, 0x00000000e3800000, 0x00000000ebf00000)
  object space 520192K, 76% used [0x00000000c3c00000,0x00000000dc058bb8,0x00000000e3800000)
 Metaspace       used 41610K, capacity 42706K, committed 42968K, reserved 1087488K
  class space    used 5017K, capacity 5368K, committed 5376K, reserved 1048576K
}
Event: 124,039 GC heap before
{Heap before GC invocations=52 (full 12):
 PSYoungGen      total 219136K, used 129495K [0x00000000ebf00000, 0x0000000100000000, 0x0000000100000000)
  eden space 109568K, 99% used [0x00000000ebf00000,0x00000000f29fdd40,0x00000000f2a00000)
  from space 109568K, 18% used [0x00000000f9500000,0x00000000fa878020,0x0000000100000000)
  to   space 109568K, 0% used [0x00000000f2a00000,0x00000000f2a00000,0x00000000f9500000)
 ParOldGen       total 520192K, used 397666K [0x00000000c3c00000, 0x00000000e3800000, 0x00000000ebf00000)
  object space 520192K, 76% used [0x00000000c3c00000,0x00000000dc058bb8,0x00000000e3800000)
 Metaspace       used 46728K, capacity 48056K, committed 48344K, reserved 1091584K
  class space    used 5979K, capacity 6367K, committed 6400K, reserved 1048576K
Event: 124,517 GC heap after
Heap after GC invocations=52 (full 12):
 PSYoungGen      total 219136K, used 9925K [0x00000000ebf00000, 0x0000000100000000, 0x0000000100000000)
  eden space 109568K, 0% used [0x00000000ebf00000,0x00000000ebf00000,0x00000000f2a00000)
  from space 109568K, 9% used [0x00000000f2a00000,0x00000000f33b15d8,0x00000000f9500000)
  to   space 109568K, 0% used [0x00000000f9500000,0x00000000f9500000,0x0000000100000000)
 ParOldGen       total 520192K, used 414146K [0x00000000c3c00000, 0x00000000e3800000, 0x00000000ebf00000)
  object space 520192K, 79% used [0x00000000c3c00000,0x00000000dd070bc8,0x00000000e3800000)
 Metaspace       used 46728K, capacity 48056K, committed 48344K, reserved 1091584K
  class space    used 5979K, capacity 6367K, committed 6400K, reserved 1048576K
}
Event: 126,760 GC heap before
{Heap before GC invocations=53 (full 12):
 PSYoungGen      total 219136K, used 119493K [0x00000000ebf00000, 0x0000000100000000, 0x0000000100000000)
  eden space 109568K, 100% used [0x00000000ebf00000,0x00000000f2a00000,0x00000000f2a00000)
  from space 109568K, 9% used [0x00000000f2a00000,0x00000000f33b15d8,0x00000000f9500000)
  to   space 109568K, 0% used [0x00000000f9500000,0x00000000f9500000,0x0000000100000000)
 ParOldGen       total 520192K, used 414146K [0x00000000c3c00000, 0x00000000e3800000, 0x00000000ebf00000)
  object space 520192K, 79% used [0x00000000c3c00000,0x00000000dd070bc8,0x00000000e3800000)
 Metaspace       used 46926K, capacity 48286K, committed 48344K, reserved 1091584K
  class space    used 5996K, capacity 6400K, committed 6400K, reserved 1048576K
Event: 126,972 GC heap after
Heap after GC invocations=53 (full 12):
 PSYoungGen      total 219136K, used 416K [0x00000000ebf00000, 0x0000000100000000, 0x0000000100000000)
  eden space 109568K, 0% used [0x00000000ebf00000,0x00000000ebf00000,0x00000000f2a00000)
  from space 109568K, 0% used [0x00000000f9500000,0x00000000f9568050,0x0000000100000000)
  to   space 109568K, 0% used [0x00000000f2a00000,0x00000000f2a00000,0x00000000f9500000)
 ParOldGen       total 520192K, used 421398K [0x00000000c3c00000, 0x00000000e3800000, 0x00000000ebf00000)
  object space 520192K, 81% used [0x00000000c3c00000,0x00000000dd785b48,0x00000000e3800000)
 Metaspace       used 46926K, capacity 48286K, committed 48344K, reserved 1091584K
  class space    used 5996K, capacity 6400K, committed 6400K, reserved 1048576K
}
Event: 127,004 GC heap before
{Heap before GC invocations=54 (full 13):
 PSYoungGen      total 219136K, used 416K [0x00000000ebf00000, 0x0000000100000000, 0x0000000100000000)
  eden space 109568K, 0% used [0x00000000ebf00000,0x00000000ebf00000,0x00000000f2a00000)
  from space 109568K, 0% used [0x00000000f9500000,0x00000000f9568050,0x0000000100000000)
  to   space 109568K, 0% used [0x00000000f2a00000,0x00000000f2a00000,0x00000000f9500000)
 ParOldGen       total 520192K, used 421398K [0x00000000c3c00000, 0x00000000e3800000, 0x00000000ebf00000)
  object space 520192K, 81% used [0x00000000c3c00000,0x00000000dd785b48,0x00000000e3800000)
 Metaspace       used 46926K, capacity 48286K, committed 48344K, reserved 1091584K
  class space    used 5996K, capacity 6400K, committed 6400K, reserved 1048576K

